[debug] [2026-02-03T22:38:20.962Z] ----------------------------------------------------------------------
[debug] [2026-02-03T22:38:20.964Z] Command:       /Users/jasminetostado/.nvm/versions/node/v20.17.0/bin/node /Users/jasminetostado/.nvm/versions/node/v20.17.0/bin/firebase init
[debug] [2026-02-03T22:38:20.964Z] CLI Version:   15.5.1
[debug] [2026-02-03T22:38:20.964Z] Platform:      darwin
[debug] [2026-02-03T22:38:20.964Z] Node Version:  v20.17.0
[debug] [2026-02-03T22:38:20.964Z] Time:          Tue Feb 03 2026 14:38:20 GMT-0800 (Pacific Standard Time)
[debug] [2026-02-03T22:38:20.964Z] ----------------------------------------------------------------------
[debug] 
[debug] [2026-02-03T22:38:20.966Z] >>> [apiv2][query] GET https://firebase-public.firebaseio.com/cli.json [none]
[info] 
     ######## #### ########  ######## ########     ###     ######  ########
     ##        ##  ##     ## ##       ##     ##  ##   ##  ##       ##
     ######    ##  ########  ######   ########  #########  ######  ######
     ##        ##  ##    ##  ##       ##     ## ##     ##       ## ##
     ##       #### ##     ## ######## ########  ##     ##  ######  ########

You're about to initialize a Firebase project in this directory:

  /Users/jasminetostado/Documents/GitHub/2026-HeartSense/heart-sense-app

[debug] [2026-02-03T22:38:21.765Z] <<< [apiv2][status] GET https://firebase-public.firebaseio.com/cli.json 200
[debug] [2026-02-03T22:38:21.765Z] <<< [apiv2][body] GET https://firebase-public.firebaseio.com/cli.json {"cloudBuildErrorAfter":1594252800000,"cloudBuildWarnAfter":1590019200000,"defaultNode10After":1594252800000,"minVersion":"3.0.5","node8DeploysDisabledAfter":1613390400000,"node8RuntimeDisabledAfter":1615809600000,"node8WarnAfter":1600128000000}
[info] 
=== Project Setup
[info] 
[info] First, let's associate this project directory with a Firebase project.
[info] You can create multiple project aliases by running firebase use --add, 
[info] 
[debug] [2026-02-03T22:39:00.582Z] > command requires scopes: ["email","openid","https://www.googleapis.com/auth/cloudplatformprojects.readonly","https://www.googleapis.com/auth/firebase","https://www.googleapis.com/auth/cloud-platform"]
[debug] [2026-02-03T22:39:00.583Z] > authorizing via signed-in user (jasminetostado8@gmail.com)
[debug] [2026-02-03T22:39:00.585Z] Checked if tokens are valid: false, expires at: 1746666669145
[debug] [2026-02-03T22:39:00.586Z] Checked if tokens are valid: false, expires at: 1746666669145
[debug] [2026-02-03T22:39:00.586Z] > refreshing access token with scopes: []
[debug] [2026-02-03T22:39:00.588Z] >>> [apiv2][query] POST https://www.googleapis.com/oauth2/v3/token [none]
[debug] [2026-02-03T22:39:00.588Z] >>> [apiv2][body] POST https://www.googleapis.com/oauth2/v3/token [omitted]
[debug] [2026-02-03T22:39:00.702Z] <<< [apiv2][status] POST https://www.googleapis.com/oauth2/v3/token 400
[debug] [2026-02-03T22:39:00.703Z] <<< [apiv2][body] POST https://www.googleapis.com/oauth2/v3/token [omitted]
[debug] [2026-02-03T22:39:00.703Z] >>> [apiv2][query] GET https://firebase.googleapis.com/v1beta1/projects pageSize=100
[debug] [2026-02-03T22:39:00.786Z] <<< [apiv2][status] GET https://firebase.googleapis.com/v1beta1/projects 401
[debug] [2026-02-03T22:39:00.786Z] <<< [apiv2][body] GET https://firebase.googleapis.com/v1beta1/projects [omitted]
[debug] [2026-02-03T22:39:00.786Z] Got a 401 Unauthenticated error for a call that required authentication. Refreshing tokens.
[debug] [2026-02-03T22:39:00.786Z] Checked if tokens are valid: false, expires at: 1746666669145
[debug] [2026-02-03T22:39:00.786Z] Checked if tokens are valid: false, expires at: 1746666669145
[debug] [2026-02-03T22:39:00.786Z] > refreshing access token with scopes: []
[debug] [2026-02-03T22:39:00.787Z] >>> [apiv2][query] POST https://www.googleapis.com/oauth2/v3/token [none]
[debug] [2026-02-03T22:39:00.787Z] >>> [apiv2][body] POST https://www.googleapis.com/oauth2/v3/token [omitted]
[debug] [2026-02-03T22:39:00.851Z] <<< [apiv2][status] POST https://www.googleapis.com/oauth2/v3/token 400
[debug] [2026-02-03T22:39:00.851Z] <<< [apiv2][body] POST https://www.googleapis.com/oauth2/v3/token [omitted]
[debug] [2026-02-03T22:39:00.853Z] Request to https://firebase.googleapis.com/v1beta1/projects?pageSize=100 had HTTP Error: 401, Request had invalid authentication credentials. Expected OAuth 2 access token, login cookie or other valid authentication credential. See https://developers.google.com/identity/sign-in/web/devconsole-project.
[debug] [2026-02-03T22:39:00.934Z] FirebaseError: Request to https://firebase.googleapis.com/v1beta1/projects?pageSize=100 had HTTP Error: 401, Request had invalid authentication credentials. Expected OAuth 2 access token, login cookie or other valid authentication credential. See https://developers.google.com/identity/sign-in/web/devconsole-project.
    at responseToError (/Users/jasminetostado/.nvm/versions/node/v20.17.0/lib/node_modules/firebase-tools/lib/responseToError.js:53:12)
    at RetryOperation._fn (/Users/jasminetostado/.nvm/versions/node/v20.17.0/lib/node_modules/firebase-tools/lib/apiv2.js:330:77)
    at process.processTicksAndRejections (node:internal/process/task_queues:95:5)
[error] 
[error] Error: Failed to list Firebase projects. See firebase-debug.log for more info.
